<?xml version="1.0" encoding="UTF-8"?>
<!-- Generated by org.testng.reporters.JUnitReportReporter -->
<testsuite skipped="0" hostname="DESKTOP-ONQP60F" name="testScript.TC_01CreateContacts" tests="1" failures="0" timestamp="2021-10-05T10:22:20 IST" time="18.851" errors="0">
  <testcase name="CreateContacts" time="18.851" classname="testScript.TC_01CreateContacts"/>
  <system-out/>
</testsuite> <!-- testScript.TC_01CreateContacts -->
