<?xml version="1.0" encoding="UTF-8"?>
<!-- Generated by org.testng.reporters.JUnitReportReporter -->
<testsuite skipped="0" hostname="DESKTOP-ONQP60F" name="testScript.TC_01Organisation1" tests="1" failures="0" timestamp="2021-10-06T13:03:21 IST" time="17.287" errors="0">
  <testcase name="CreateOrganisation" time="17.287" classname="testScript.TC_01Organisation1"/>
  <system-out/>
</testsuite> <!-- testScript.TC_01Organisation1 -->
