<?xml version="1.0" encoding="UTF-8"?>
<!-- Generated by org.testng.reporters.JUnitReportReporter -->
<testsuite skipped="0" hostname="DESKTOP-ONQP60F" name="com.createcontact.TC_1createcontacts" tests="1" failures="0" timestamp="2021-10-06T11:41:13 IST" time="15.008" errors="0">
  <testcase name="createContact" time="15.008" classname="com.createcontact.TC_1createcontacts"/>
  <system-out/>
</testsuite> <!-- com.createcontact.TC_1createcontacts -->
