<?xml version="1.0" encoding="UTF-8"?>
<!-- Generated by org.testng.reporters.JUnitReportReporter -->
<testsuite skipped="0" hostname="DESKTOP-ONQP60F" name="com.createcontactwithbaseclass.TC_02createcontactswithbaseclass" tests="1" failures="0" timestamp="2021-10-22T10:00:37 IST" time="20.054" errors="0">
  <testcase name="createContact" time="20.054" classname="com.createcontactwithbaseclass.TC_02createcontactswithbaseclass"/>
  <system-out/>
</testsuite> <!-- com.createcontactwithbaseclass.TC_02createcontactswithbaseclass -->
