<?xml version="1.0" encoding="UTF-8"?>
<!-- Generated by org.testng.reporters.JUnitReportReporter -->
<testsuite skipped="0" hostname="DESKTOP-ONQP60F" name="practice.Hiddenmessage$XpathAssignment" tests="1" failures="0" timestamp="2021-10-12T11:27:58 IST" time="15.500" errors="0">
  <testcase name="xpathAssignmentTest" time="15.500" classname="practice.Hiddenmessage$XpathAssignment"/>
  <system-out/>
</testsuite> <!-- practice.Hiddenmessage$XpathAssignment -->
