<?xml version="1.0" encoding="UTF-8"?>
<!-- Generated by org.testng.reporters.JUnitReportReporter -->
<testsuite skipped="0" hostname="DESKTOP-ONQP60F" name="GenericUtils.ReadDataFromPropertyFile" tests="1" failures="0" timestamp="2021-09-24T10:08:52 IST" time="0.000" errors="0">
  <testcase name="ReadDataFromPropertyFile" time="0.000" classname="GenericUtils.ReadDataFromPropertyFile"/>
  <system-out/>
</testsuite> <!-- GenericUtils.ReadDataFromPropertyFile -->
