<?xml version="1.0" encoding="UTF-8"?>
<!-- Generated by org.testng.reporters.JUnitReportReporter -->
<testsuite skipped="0" hostname="DESKTOP-ONQP60F" name="testScript.TC_01DeleteOrganisation" tests="1" failures="0" timestamp="2021-09-29T16:46:06 IST" time="11.301" errors="0">
  <testcase name="CreateOrganisation" time="11.301" classname="testScript.TC_01DeleteOrganisation"/>
  <system-out/>
</testsuite> <!-- testScript.TC_01DeleteOrganisation -->
