<?xml version="1.0" encoding="UTF-8"?>
<!-- Generated by org.testng.reporters.JUnitReportReporter -->
<testsuite skipped="0" hostname="DESKTOP-ONQP60F" name="com.createcontact.TC_05createcontact" tests="1" failures="0" timestamp="2021-10-07T17:19:21 IST" time="22.025" errors="0">
  <testcase name="createContact" time="22.025" classname="com.createcontact.TC_05createcontact"/>
  <system-out/>
</testsuite> <!-- com.createcontact.TC_05createcontact -->
