<?xml version="1.0" encoding="UTF-8"?>
<!-- Generated by org.testng.reporters.JUnitReportReporter -->
<testsuite skipped="0" hostname="DESKTOP-ONQP60F" name="practice.CreateCustomerTest" tests="1" failures="0" timestamp="2021-10-04T11:10:31 IST" time="0.013" errors="0">
  <testcase name="CreateCustomerTest" time="0.013" classname="practice.CreateCustomerTest"/>
  <system-out/>
</testsuite> <!-- practice.CreateCustomerTest -->
