<?xml version="1.0" encoding="UTF-8"?>
<!-- Generated by org.testng.reporters.JUnitReportReporter -->
<testsuite skipped="0" hostname="DESKTOP-ONQP60F" name="com.createcontactwithbaseclass.TVC_04createcontactsbaseclass" tests="1" failures="0" timestamp="2021-10-07T21:44:29 IST" time="15.561" errors="0">
  <testcase name="createContact" time="15.561" classname="com.createcontactwithbaseclass.TVC_04createcontactsbaseclass"/>
  <system-out/>
</testsuite> <!-- com.createcontactwithbaseclass.TVC_04createcontactsbaseclass -->
