<?xml version="1.0" encoding="UTF-8"?>
<!-- Generated by org.testng.reporters.JUnitReportReporter -->
<testsuite skipped="0" hostname="DESKTOP-ONQP60F" name="GenericUtils.ReadDataFromJsonFile" tests="1" failures="0" timestamp="2021-09-27T10:52:46 IST" time="0.000" errors="0">
  <testcase name="getDataFromJson" time="0.000" classname="GenericUtils.ReadDataFromJsonFile"/>
  <system-out/>
</testsuite> <!-- GenericUtils.ReadDataFromJsonFile -->
