<?xml version="1.0" encoding="UTF-8"?>
<!-- Generated by org.testng.reporters.JUnitReportReporter -->
<testsuite skipped="0" hostname="DESKTOP-ONQP60F" name="com.createcontactwithbaseclass.TC_04createcontactsbaseclass" tests="1" failures="0" timestamp="2021-10-22T10:00:37 IST" time="15.238" errors="0">
  <testcase name="createContact" time="15.238" classname="com.createcontactwithbaseclass.TC_04createcontactsbaseclass"/>
  <system-out/>
</testsuite> <!-- com.createcontactwithbaseclass.TC_04createcontactsbaseclass -->
