<?xml version="1.0" encoding="UTF-8"?>
<!-- Generated by org.testng.reporters.JUnitReportReporter -->
<testsuite skipped="0" hostname="DESKTOP-ONQP60F" name="com.createcontact.TC_01createcontacts" tests="1" failures="0" timestamp="2021-10-16T08:13:15 IST" time="16.753" errors="0">
  <testcase name="createContact" time="16.753" classname="com.createcontact.TC_01createcontacts"/>
  <system-out/>
</testsuite> <!-- com.createcontact.TC_01createcontacts -->
