<?xml version="1.0" encoding="UTF-8"?>
<!-- Generated by org.testng.reporters.JUnitReportReporter -->
<testsuite skipped="0" hostname="DESKTOP-ONQP60F" name="testScript.TC_01EditOrganisation" tests="1" failures="0" timestamp="2021-09-29T16:54:13 IST" time="12.338" errors="0">
  <testcase name="CreateOrganisation" time="12.338" classname="testScript.TC_01EditOrganisation"/>
  <system-out/>
</testsuite> <!-- testScript.TC_01EditOrganisation -->
