<?xml version="1.0" encoding="UTF-8"?>
<!-- Generated by org.testng.reporters.JUnitReportReporter -->
<testsuite skipped="0" hostname="DESKTOP-ONQP60F" name="practice.ExecuiteQuery" tests="1" failures="0" timestamp="2021-10-02T14:01:41 IST" time="0.290" errors="0">
  <testcase name="execuiteQuery" time="0.290" classname="practice.ExecuiteQuery"/>
  <system-out/>
</testsuite> <!-- practice.ExecuiteQuery -->
