<?xml version="1.0" encoding="UTF-8"?>
<!-- Generated by org.testng.reporters.JUnitReportReporter -->
<testsuite skipped="0" hostname="DESKTOP-ONQP60F" name="practice.ReadDataFromcommandPrompt" tests="1" failures="0" timestamp="2021-10-04T16:53:58 IST" time="0.012" errors="0">
  <testcase name="Readcommondatapromot" time="0.012" classname="practice.ReadDataFromcommandPrompt"/>
  <system-out/>
</testsuite> <!-- practice.ReadDataFromcommandPrompt -->
