<?xml version="1.0" encoding="UTF-8"?>
<!-- Generated by org.testng.reporters.JUnitReportReporter -->
<testsuite skipped="0" hostname="DESKTOP-ONQP60F" name="practice.ExecuiteUpdate" tests="1" failures="0" timestamp="2021-10-02T16:42:38 IST" time="0.267" errors="0">
  <testcase name="execuiteQuery" time="0.267" classname="practice.ExecuiteUpdate"/>
  <system-out/>
</testsuite> <!-- practice.ExecuiteUpdate -->
