<?xml version="1.0" encoding="UTF-8"?>
<!-- Generated by org.testng.reporters.JUnitReportReporter -->
<testsuite skipped="0" hostname="DESKTOP-ONQP60F" name="practice.person" tests="1" failures="0" timestamp="2021-09-29T04:54:03 IST" time="0.000" errors="0">
  <testcase name="der" time="0.000" classname="practice.person"/>
  <system-out/>
</testsuite> <!-- practice.person -->
