<?xml version="1.0" encoding="UTF-8"?>
<!-- Generated by org.testng.reporters.JUnitReportReporter -->
<testsuite skipped="0" hostname="DESKTOP-ONQP60F" name="com.createcontactwithbaseclass.TC_05createcontactswithbase" tests="1" failures="0" timestamp="2021-10-08T10:59:11 IST" time="28.304" errors="0">
  <testcase name="createContact" time="28.304" classname="com.createcontactwithbaseclass.TC_05createcontactswithbase"/>
  <system-out/>
</testsuite> <!-- com.createcontactwithbaseclass.TC_05createcontactswithbase -->
