<?xml version="1.0" encoding="UTF-8"?>
<!-- Generated by org.testng.reporters.JUnitReportReporter -->
<testsuite skipped="0" hostname="DESKTOP-ONQP60F" name="practice.contact" tests="1" failures="0" timestamp="2021-10-02T07:15:49 IST" time="0.017" errors="0">
  <testcase name="org" time="0.017" classname="practice.contact"/>
  <system-out/>
</testsuite> <!-- practice.contact -->
