<?xml version="1.0" encoding="UTF-8"?>
<!-- Generated by org.testng.reporters.JUnitReportReporter -->
<testsuite skipped="0" hostname="DESKTOP-ONQP60F" name="Demo.ReadDataFromJsonFile" tests="1" failures="0" timestamp="2021-09-28T19:49:13 IST" time="0.032" errors="0">
  <testcase name="getDataFromJson" time="0.032" classname="Demo.ReadDataFromJsonFile"/>
  <system-out/>
</testsuite> <!-- Demo.ReadDataFromJsonFile -->
