<?xml version="1.0" encoding="UTF-8"?>
<!-- Generated by org.testng.reporters.JUnitReportReporter -->
<testsuite skipped="0" hostname="DESKTOP-ONQP60F" name="testScript.TC_01Organisation2" tests="1" failures="0" timestamp="2021-10-07T22:53:00 IST" time="27.052" errors="0">
  <testcase name="CreateOrganisation" time="27.052" classname="testScript.TC_01Organisation2"/>
  <system-out/>
</testsuite> <!-- testScript.TC_01Organisation2 -->
